<?xml version="1.0" encoding="UTF-8"?>
<coverage generated="1684445206352" clover="3.2.0">
  <project timestamp="1684445206352" name="All files">
    <metrics statements="68" coveredstatements="67" conditionals="38" coveredconditionals="36" methods="9" coveredmethods="9" elements="115" coveredelements="112" complexity="0" loc="68" ncloc="68" packages="1" files="1" classes="1"/>
    <file name="index.js" path="/Users/coleburch/Desktop/projects/odin-battleship/src/index.js">
      <metrics statements="68" coveredstatements="67" conditionals="38" coveredconditionals="36" methods="9" coveredmethods="9"/>
      <line num="3" count="1" type="stmt"/>
      <line num="4" count="72" type="stmt"/>
      <line num="5" count="72" type="stmt"/>
      <line num="6" count="72" type="stmt"/>
      <line num="7" count="13" type="stmt"/>
      <line num="9" count="72" type="stmt"/>
      <line num="10" count="11" type="stmt"/>
      <line num="12" count="72" type="stmt"/>
      <line num="15" count="1" type="stmt"/>
      <line num="16" count="29" type="stmt"/>
      <line num="17" count="29" type="stmt"/>
      <line num="18" count="290" type="stmt"/>
      <line num="19" count="290" type="stmt"/>
      <line num="20" count="2900" type="stmt"/>
      <line num="27" count="29" type="stmt"/>
      <line num="28" count="16" type="cond" truecount="2" falsecount="0"/>
      <line num="29" count="12" type="cond" truecount="6" falsecount="0"/>
      <line num="30" count="1" type="stmt"/>
      <line num="32" count="11" type="cond" truecount="2" falsecount="0"/>
      <line num="33" count="1" type="stmt"/>
      <line num="35" count="10" type="stmt"/>
      <line num="36" count="28" type="cond" truecount="2" falsecount="0"/>
      <line num="37" count="2" type="stmt"/>
      <line num="40" count="8" type="stmt"/>
      <line num="41" count="24" type="stmt"/>
      <line num="42" count="24" type="stmt"/>
      <line num="44" count="4" type="cond" truecount="1" falsecount="1"/>
      <line num="45" count="4" type="cond" truecount="5" falsecount="1"/>
      <line num="46" count="0" type="stmt"/>
      <line num="48" count="4" type="cond" truecount="2" falsecount="0"/>
      <line num="49" count="1" type="stmt"/>
      <line num="51" count="3" type="stmt"/>
      <line num="52" count="9" type="cond" truecount="2" falsecount="0"/>
      <line num="53" count="1" type="stmt"/>
      <line num="56" count="2" type="stmt"/>
      <line num="57" count="6" type="stmt"/>
      <line num="58" count="6" type="stmt"/>
      <line num="62" count="29" type="stmt"/>
      <line num="63" count="14" type="cond" truecount="6" falsecount="0"/>
      <line num="64" count="1" type="stmt"/>
      <line num="66" count="13" type="cond" truecount="2" falsecount="0"/>
      <line num="67" count="1" type="stmt"/>
      <line num="69" count="12" type="stmt"/>
      <line num="70" count="12" type="cond" truecount="2" falsecount="0"/>
      <line num="71" count="10" type="stmt"/>
      <line num="74" count="29" type="stmt"/>
      <line num="75" count="2" type="stmt"/>
      <line num="76" count="11" type="stmt"/>
      <line num="77" count="102" type="cond" truecount="2" falsecount="0"/>
      <line num="81" count="1" type="stmt"/>
      <line num="83" count="101" type="stmt"/>
      <line num="87" count="1" type="stmt"/>
      <line num="89" count="29" type="stmt"/>
      <line num="92" count="1" type="stmt"/>
      <line num="93" count="5" type="stmt"/>
      <line num="94" count="5" type="stmt"/>
      <line num="95" count="5" type="stmt"/>
      <line num="96" count="5" type="stmt"/>
      <line num="99" count="1" type="stmt"/>
      <line num="100" count="5" type="stmt"/>
      <line num="101" count="5" type="stmt"/>
      <line num="102" count="5" type="stmt"/>
      <line num="103" count="5" type="stmt"/>
      <line num="106" count="1" type="stmt"/>
      <line num="107" count="1" type="stmt"/>
      <line num="108" count="1" type="stmt"/>
      <line num="109" count="1" type="stmt"/>
      <line num="110" count="1" type="stmt"/>
    </file>
  </project>
</coverage>
