{"/Users/coleburch/Desktop/projects/odin-battleship/src/gameLogic.js": {"path":"/Users/coleburch/Desktop/projects/odin-battleship/src/gameLogic.js","statementMap":{"0":{"start":{"line":1,"column":13},"end":{"line":11,"column":1}},"1":{"start":{"line":2,"column":17},"end":{"line":2,"column":20}},"2":{"start":{"line":3,"column":13},"end":{"line":3,"column":14}},"3":{"start":{"line":4,"column":14},"end":{"line":6,"column":3}},"4":{"start":{"line":5,"column":4},"end":{"line":5,"column":11}},"5":{"start":{"line":7,"column":17},"end":{"line":9,"column":3}},"6":{"start":{"line":8,"column":4},"end":{"line":8,"column":27}},"7":{"start":{"line":10,"column":2},"end":{"line":10,"column":33}},"8":{"start":{"line":13,"column":18},"end":{"line":88,"column":1}},"9":{"start":{"line":14,"column":16},"end":{"line":14,"column":18}},"10":{"start":{"line":15,"column":2},"end":{"line":24,"column":3}},"11":{"start":{"line":15,"column":15},"end":{"line":15,"column":16}},"12":{"start":{"line":16,"column":4},"end":{"line":16,"column":19}},"13":{"start":{"line":17,"column":4},"end":{"line":23,"column":5}},"14":{"start":{"line":17,"column":17},"end":{"line":17,"column":18}},"15":{"start":{"line":18,"column":6},"end":{"line":22,"column":9}},"16":{"start":{"line":25,"column":20},"end":{"line":59,"column":3}},"17":{"start":{"line":26,"column":4},"end":{"line":58,"column":5}},"18":{"start":{"line":27,"column":6},"end":{"line":29,"column":7}},"19":{"start":{"line":28,"column":8},"end":{"line":28,"column":21}},"20":{"start":{"line":30,"column":6},"end":{"line":32,"column":7}},"21":{"start":{"line":31,"column":8},"end":{"line":31,"column":21}},"22":{"start":{"line":33,"column":6},"end":{"line":37,"column":7}},"23":{"start":{"line":33,"column":19},"end":{"line":33,"column":20}},"24":{"start":{"line":34,"column":8},"end":{"line":36,"column":9}},"25":{"start":{"line":35,"column":10},"end":{"line":35,"column":23}},"26":{"start":{"line":38,"column":6},"end":{"line":41,"column":7}},"27":{"start":{"line":38,"column":19},"end":{"line":38,"column":20}},"28":{"start":{"line":39,"column":8},"end":{"line":39,"column":41}},"29":{"start":{"line":40,"column":8},"end":{"line":40,"column":43}},"30":{"start":{"line":42,"column":11},"end":{"line":58,"column":5}},"31":{"start":{"line":43,"column":6},"end":{"line":45,"column":7}},"32":{"start":{"line":44,"column":8},"end":{"line":44,"column":21}},"33":{"start":{"line":46,"column":6},"end":{"line":48,"column":7}},"34":{"start":{"line":47,"column":8},"end":{"line":47,"column":21}},"35":{"start":{"line":49,"column":6},"end":{"line":53,"column":7}},"36":{"start":{"line":49,"column":19},"end":{"line":49,"column":20}},"37":{"start":{"line":50,"column":8},"end":{"line":52,"column":9}},"38":{"start":{"line":51,"column":10},"end":{"line":51,"column":23}},"39":{"start":{"line":54,"column":6},"end":{"line":57,"column":7}},"40":{"start":{"line":54,"column":19},"end":{"line":54,"column":20}},"41":{"start":{"line":55,"column":8},"end":{"line":55,"column":41}},"42":{"start":{"line":56,"column":8},"end":{"line":56,"column":43}},"43":{"start":{"line":60,"column":24},"end":{"line":71,"column":3}},"44":{"start":{"line":61,"column":4},"end":{"line":63,"column":5}},"45":{"start":{"line":62,"column":6},"end":{"line":62,"column":19}},"46":{"start":{"line":64,"column":4},"end":{"line":66,"column":5}},"47":{"start":{"line":65,"column":6},"end":{"line":65,"column":19}},"48":{"start":{"line":67,"column":4},"end":{"line":67,"column":30}},"49":{"start":{"line":68,"column":4},"end":{"line":70,"column":5}},"50":{"start":{"line":69,"column":6},"end":{"line":69,"column":36}},"51":{"start":{"line":72,"column":18},"end":{"line":86,"column":3}},"52":{"start":{"line":73,"column":4},"end":{"line":84,"column":5}},"53":{"start":{"line":73,"column":17},"end":{"line":73,"column":18}},"54":{"start":{"line":74,"column":6},"end":{"line":83,"column":7}},"55":{"start":{"line":74,"column":19},"end":{"line":74,"column":20}},"56":{"start":{"line":75,"column":8},"end":{"line":82,"column":9}},"57":{"start":{"line":79,"column":10},"end":{"line":79,"column":23}},"58":{"start":{"line":81,"column":10},"end":{"line":81,"column":19}},"59":{"start":{"line":85,"column":4},"end":{"line":85,"column":16}},"60":{"start":{"line":87,"column":2},"end":{"line":87,"column":54}},"61":{"start":{"line":90,"column":15},"end":{"line":116,"column":1}},"62":{"start":{"line":91,"column":15},"end":{"line":91,"column":23}},"63":{"start":{"line":92,"column":16},"end":{"line":92,"column":27}},"64":{"start":{"line":93,"column":16},"end":{"line":93,"column":61}},"65":{"start":{"line":94,"column":31},"end":{"line":98,"column":3}},"66":{"start":{"line":95,"column":14},"end":{"line":95,"column":44}},"67":{"start":{"line":96,"column":14},"end":{"line":96,"column":44}},"68":{"start":{"line":97,"column":4},"end":{"line":97,"column":18}},"69":{"start":{"line":99,"column":29},"end":{"line":103,"column":3}},"70":{"start":{"line":100,"column":23},"end":{"line":100,"column":49}},"71":{"start":{"line":101,"column":22},"end":{"line":101,"column":63}},"72":{"start":{"line":102,"column":4},"end":{"line":102,"column":21}},"73":{"start":{"line":104,"column":27},"end":{"line":114,"column":3}},"74":{"start":{"line":105,"column":4},"end":{"line":113,"column":5}},"75":{"start":{"line":105,"column":17},"end":{"line":105,"column":18}},"76":{"start":{"line":106,"column":24},"end":{"line":106,"column":46}},"77":{"start":{"line":107,"column":14},"end":{"line":107,"column":28}},"78":{"start":{"line":108,"column":14},"end":{"line":108,"column":28}},"79":{"start":{"line":109,"column":22},"end":{"line":109,"column":42}},"80":{"start":{"line":110,"column":6},"end":{"line":112,"column":7}},"81":{"start":{"line":111,"column":8},"end":{"line":111,"column":12}},"82":{"start":{"line":115,"column":2},"end":{"line":115,"column":72}},"83":{"start":{"line":118,"column":17},"end":{"line":144,"column":1}},"84":{"start":{"line":119,"column":15},"end":{"line":119,"column":25}},"85":{"start":{"line":120,"column":16},"end":{"line":120,"column":27}},"86":{"start":{"line":121,"column":16},"end":{"line":121,"column":61}},"87":{"start":{"line":122,"column":31},"end":{"line":126,"column":3}},"88":{"start":{"line":123,"column":14},"end":{"line":123,"column":44}},"89":{"start":{"line":124,"column":14},"end":{"line":124,"column":44}},"90":{"start":{"line":125,"column":4},"end":{"line":125,"column":18}},"91":{"start":{"line":127,"column":29},"end":{"line":131,"column":3}},"92":{"start":{"line":128,"column":23},"end":{"line":128,"column":49}},"93":{"start":{"line":129,"column":22},"end":{"line":129,"column":63}},"94":{"start":{"line":130,"column":4},"end":{"line":130,"column":21}},"95":{"start":{"line":132,"column":27},"end":{"line":142,"column":3}},"96":{"start":{"line":133,"column":4},"end":{"line":141,"column":5}},"97":{"start":{"line":133,"column":17},"end":{"line":133,"column":18}},"98":{"start":{"line":134,"column":24},"end":{"line":134,"column":46}},"99":{"start":{"line":135,"column":14},"end":{"line":135,"column":28}},"100":{"start":{"line":136,"column":14},"end":{"line":136,"column":28}},"101":{"start":{"line":137,"column":22},"end":{"line":137,"column":42}},"102":{"start":{"line":138,"column":6},"end":{"line":140,"column":7}},"103":{"start":{"line":139,"column":8},"end":{"line":139,"column":12}},"104":{"start":{"line":143,"column":2},"end":{"line":143,"column":72}},"105":{"start":{"line":146,"column":23},"end":{"line":181,"column":1}},"106":{"start":{"line":147,"column":17},"end":{"line":147,"column":25}},"107":{"start":{"line":148,"column":2},"end":{"line":148,"column":28}},"108":{"start":{"line":149,"column":2},"end":{"line":149,"column":34}},"109":{"start":{"line":150,"column":19},"end":{"line":150,"column":29}},"110":{"start":{"line":151,"column":2},"end":{"line":151,"column":30}},"111":{"start":{"line":152,"column":2},"end":{"line":152,"column":36}},"112":{"start":{"line":153,"column":20},"end":{"line":153,"column":21}},"113":{"start":{"line":154,"column":2},"end":{"line":175,"column":3}},"114":{"start":{"line":158,"column":4},"end":{"line":158,"column":39}},"115":{"start":{"line":159,"column":4},"end":{"line":173,"column":5}},"116":{"start":{"line":160,"column":24},"end":{"line":160,"column":55}},"117":{"start":{"line":161,"column":14},"end":{"line":161,"column":28}},"118":{"start":{"line":162,"column":14},"end":{"line":162,"column":28}},"119":{"start":{"line":163,"column":6},"end":{"line":165,"column":7}},"120":{"start":{"line":164,"column":8},"end":{"line":164,"column":22}},"121":{"start":{"line":167,"column":24},"end":{"line":167,"column":53}},"122":{"start":{"line":168,"column":14},"end":{"line":168,"column":28}},"123":{"start":{"line":169,"column":14},"end":{"line":169,"column":28}},"124":{"start":{"line":170,"column":6},"end":{"line":172,"column":7}},"125":{"start":{"line":171,"column":8},"end":{"line":171,"column":22}},"126":{"start":{"line":174,"column":4},"end":{"line":174,"column":18}},"127":{"start":{"line":176,"column":2},"end":{"line":180,"column":3}},"128":{"start":{"line":177,"column":4},"end":{"line":177,"column":63}},"129":{"start":{"line":179,"column":4},"end":{"line":179,"column":60}},"130":{"start":{"line":183,"column":0},"end":{"line":183,"column":71}}},"fnMap":{"0":{"name":"(anonymous_0)","decl":{"start":{"line":1,"column":13},"end":{"line":1,"column":14}},"loc":{"start":{"line":1,"column":22},"end":{"line":11,"column":1}},"line":1},"1":{"name":"(anonymous_1)","decl":{"start":{"line":4,"column":14},"end":{"line":4,"column":15}},"loc":{"start":{"line":4,"column":20},"end":{"line":6,"column":3}},"line":4},"2":{"name":"(anonymous_2)","decl":{"start":{"line":7,"column":17},"end":{"line":7,"column":18}},"loc":{"start":{"line":7,"column":23},"end":{"line":9,"column":3}},"line":7},"3":{"name":"(anonymous_3)","decl":{"start":{"line":13,"column":18},"end":{"line":13,"column":19}},"loc":{"start":{"line":13,"column":24},"end":{"line":88,"column":1}},"line":13},"4":{"name":"(anonymous_4)","decl":{"start":{"line":25,"column":20},"end":{"line":25,"column":21}},"loc":{"start":{"line":25,"column":47},"end":{"line":59,"column":3}},"line":25},"5":{"name":"(anonymous_5)","decl":{"start":{"line":60,"column":24},"end":{"line":60,"column":25}},"loc":{"start":{"line":60,"column":34},"end":{"line":71,"column":3}},"line":60},"6":{"name":"(anonymous_6)","decl":{"start":{"line":72,"column":18},"end":{"line":72,"column":19}},"loc":{"start":{"line":72,"column":24},"end":{"line":86,"column":3}},"line":72},"7":{"name":"(anonymous_7)","decl":{"start":{"line":90,"column":15},"end":{"line":90,"column":16}},"loc":{"start":{"line":90,"column":21},"end":{"line":116,"column":1}},"line":90},"8":{"name":"(anonymous_8)","decl":{"start":{"line":94,"column":31},"end":{"line":94,"column":32}},"loc":{"start":{"line":94,"column":37},"end":{"line":98,"column":3}},"line":94},"9":{"name":"(anonymous_9)","decl":{"start":{"line":99,"column":29},"end":{"line":99,"column":30}},"loc":{"start":{"line":99,"column":35},"end":{"line":103,"column":3}},"line":99},"10":{"name":"(anonymous_10)","decl":{"start":{"line":104,"column":27},"end":{"line":104,"column":28}},"loc":{"start":{"line":104,"column":33},"end":{"line":114,"column":3}},"line":104},"11":{"name":"(anonymous_11)","decl":{"start":{"line":118,"column":17},"end":{"line":118,"column":18}},"loc":{"start":{"line":118,"column":23},"end":{"line":144,"column":1}},"line":118},"12":{"name":"(anonymous_12)","decl":{"start":{"line":122,"column":31},"end":{"line":122,"column":32}},"loc":{"start":{"line":122,"column":37},"end":{"line":126,"column":3}},"line":122},"13":{"name":"(anonymous_13)","decl":{"start":{"line":127,"column":29},"end":{"line":127,"column":30}},"loc":{"start":{"line":127,"column":35},"end":{"line":131,"column":3}},"line":127},"14":{"name":"(anonymous_14)","decl":{"start":{"line":132,"column":27},"end":{"line":132,"column":28}},"loc":{"start":{"line":132,"column":33},"end":{"line":142,"column":3}},"line":132},"15":{"name":"(anonymous_15)","decl":{"start":{"line":146,"column":23},"end":{"line":146,"column":24}},"loc":{"start":{"line":146,"column":29},"end":{"line":181,"column":1}},"line":146}},"branchMap":{"0":{"loc":{"start":{"line":26,"column":4},"end":{"line":58,"column":5}},"type":"if","locations":[{"start":{"line":26,"column":4},"end":{"line":58,"column":5}},{"start":{"line":42,"column":11},"end":{"line":58,"column":5}}],"line":26},"1":{"loc":{"start":{"line":27,"column":6},"end":{"line":29,"column":7}},"type":"if","locations":[{"start":{"line":27,"column":6},"end":{"line":29,"column":7}},{"start":{},"end":{}}],"line":27},"2":{"loc":{"start":{"line":27,"column":10},"end":{"line":27,"column":42}},"type":"binary-expr","locations":[{"start":{"line":27,"column":10},"end":{"line":27,"column":15}},{"start":{"line":27,"column":19},"end":{"line":27,"column":24}},{"start":{"line":27,"column":28},"end":{"line":27,"column":33}},{"start":{"line":27,"column":37},"end":{"line":27,"column":42}}],"line":27},"3":{"loc":{"start":{"line":30,"column":6},"end":{"line":32,"column":7}},"type":"if","locations":[{"start":{"line":30,"column":6},"end":{"line":32,"column":7}},{"start":{},"end":{}}],"line":30},"4":{"loc":{"start":{"line":34,"column":8},"end":{"line":36,"column":9}},"type":"if","locations":[{"start":{"line":34,"column":8},"end":{"line":36,"column":9}},{"start":{},"end":{}}],"line":34},"5":{"loc":{"start":{"line":42,"column":11},"end":{"line":58,"column":5}},"type":"if","locations":[{"start":{"line":42,"column":11},"end":{"line":58,"column":5}},{"start":{},"end":{}}],"line":42},"6":{"loc":{"start":{"line":43,"column":6},"end":{"line":45,"column":7}},"type":"if","locations":[{"start":{"line":43,"column":6},"end":{"line":45,"column":7}},{"start":{},"end":{}}],"line":43},"7":{"loc":{"start":{"line":43,"column":10},"end":{"line":43,"column":42}},"type":"binary-expr","locations":[{"start":{"line":43,"column":10},"end":{"line":43,"column":15}},{"start":{"line":43,"column":19},"end":{"line":43,"column":24}},{"start":{"line":43,"column":28},"end":{"line":43,"column":33}},{"start":{"line":43,"column":37},"end":{"line":43,"column":42}}],"line":43},"8":{"loc":{"start":{"line":46,"column":6},"end":{"line":48,"column":7}},"type":"if","locations":[{"start":{"line":46,"column":6},"end":{"line":48,"column":7}},{"start":{},"end":{}}],"line":46},"9":{"loc":{"start":{"line":50,"column":8},"end":{"line":52,"column":9}},"type":"if","locations":[{"start":{"line":50,"column":8},"end":{"line":52,"column":9}},{"start":{},"end":{}}],"line":50},"10":{"loc":{"start":{"line":61,"column":4},"end":{"line":63,"column":5}},"type":"if","locations":[{"start":{"line":61,"column":4},"end":{"line":63,"column":5}},{"start":{},"end":{}}],"line":61},"11":{"loc":{"start":{"line":61,"column":8},"end":{"line":61,"column":40}},"type":"binary-expr","locations":[{"start":{"line":61,"column":8},"end":{"line":61,"column":13}},{"start":{"line":61,"column":17},"end":{"line":61,"column":22}},{"start":{"line":61,"column":26},"end":{"line":61,"column":31}},{"start":{"line":61,"column":35},"end":{"line":61,"column":40}}],"line":61},"12":{"loc":{"start":{"line":64,"column":4},"end":{"line":66,"column":5}},"type":"if","locations":[{"start":{"line":64,"column":4},"end":{"line":66,"column":5}},{"start":{},"end":{}}],"line":64},"13":{"loc":{"start":{"line":68,"column":4},"end":{"line":70,"column":5}},"type":"if","locations":[{"start":{"line":68,"column":4},"end":{"line":70,"column":5}},{"start":{},"end":{}}],"line":68},"14":{"loc":{"start":{"line":75,"column":8},"end":{"line":82,"column":9}},"type":"if","locations":[{"start":{"line":75,"column":8},"end":{"line":82,"column":9}},{"start":{"line":80,"column":15},"end":{"line":82,"column":9}}],"line":75},"15":{"loc":{"start":{"line":76,"column":10},"end":{"line":77,"column":52}},"type":"binary-expr","locations":[{"start":{"line":76,"column":10},"end":{"line":76,"column":31}},{"start":{"line":77,"column":10},"end":{"line":77,"column":52}}],"line":76},"16":{"loc":{"start":{"line":110,"column":6},"end":{"line":112,"column":7}},"type":"if","locations":[{"start":{"line":110,"column":6},"end":{"line":112,"column":7}},{"start":{},"end":{}}],"line":110},"17":{"loc":{"start":{"line":138,"column":6},"end":{"line":140,"column":7}},"type":"if","locations":[{"start":{"line":138,"column":6},"end":{"line":140,"column":7}},{"start":{},"end":{}}],"line":138},"18":{"loc":{"start":{"line":155,"column":4},"end":{"line":156,"column":38}},"type":"binary-expr","locations":[{"start":{"line":155,"column":4},"end":{"line":155,"column":36}},{"start":{"line":156,"column":4},"end":{"line":156,"column":38}}],"line":155},"19":{"loc":{"start":{"line":159,"column":4},"end":{"line":173,"column":5}},"type":"if","locations":[{"start":{"line":159,"column":4},"end":{"line":173,"column":5}},{"start":{"line":166,"column":11},"end":{"line":173,"column":5}}],"line":159},"20":{"loc":{"start":{"line":163,"column":6},"end":{"line":165,"column":7}},"type":"if","locations":[{"start":{"line":163,"column":6},"end":{"line":165,"column":7}},{"start":{},"end":{}}],"line":163},"21":{"loc":{"start":{"line":170,"column":6},"end":{"line":172,"column":7}},"type":"if","locations":[{"start":{"line":170,"column":6},"end":{"line":172,"column":7}},{"start":{},"end":{}}],"line":170},"22":{"loc":{"start":{"line":176,"column":2},"end":{"line":180,"column":3}},"type":"if","locations":[{"start":{"line":176,"column":2},"end":{"line":180,"column":3}},{"start":{"line":178,"column":9},"end":{"line":180,"column":3}}],"line":176}},"s":{"0":1,"1":112,"2":112,"3":112,"4":46,"5":112,"6":33,"7":112,"8":1,"9":39,"10":39,"11":39,"12":390,"13":390,"14":390,"15":3900,"16":39,"17":59,"18":37,"19":1,"20":36,"21":7,"22":29,"23":29,"24":90,"25":3,"26":26,"27":26,"28":82,"29":82,"30":22,"31":22,"32":0,"33":22,"34":5,"35":17,"36":17,"37":57,"38":3,"39":14,"40":14,"41":50,"42":50,"43":39,"44":47,"45":1,"46":46,"47":1,"48":45,"49":45,"50":43,"51":39,"52":4,"53":4,"54":22,"55":22,"56":207,"57":2,"58":205,"59":2,"60":39,"61":1,"62":7,"63":7,"64":7,"65":7,"66":15,"67":15,"68":15,"69":7,"70":15,"71":15,"72":15,"73":7,"74":2,"75":2,"76":15,"77":15,"78":15,"79":15,"80":15,"81":5,"82":7,"83":1,"84":9,"85":9,"86":9,"87":9,"88":18,"89":18,"90":18,"91":9,"92":18,"93":18,"94":18,"95":9,"96":2,"97":2,"98":18,"99":18,"100":18,"101":18,"102":18,"103":8,"104":9,"105":1,"106":0,"107":0,"108":0,"109":0,"110":0,"111":0,"112":0,"113":0,"114":0,"115":0,"116":0,"117":0,"118":0,"119":0,"120":0,"121":0,"122":0,"123":0,"124":0,"125":0,"126":0,"127":0,"128":0,"129":0,"130":1},"f":{"0":112,"1":46,"2":33,"3":39,"4":59,"5":47,"6":4,"7":7,"8":15,"9":15,"10":2,"11":9,"12":18,"13":18,"14":2,"15":0},"b":{"0":[37,22],"1":[1,36],"2":[37,37,36,36],"3":[7,29],"4":[3,87],"5":[22,0],"6":[0,22],"7":[22,22,22,22],"8":[5,17],"9":[3,54],"10":[1,46],"11":[47,47,46,46],"12":[1,45],"13":[43,2],"14":[2,205],"15":[207,27],"16":[5,10],"17":[8,10],"18":[0,0],"19":[0,0],"20":[0,0],"21":[0,0],"22":[0,0]},"_coverageSchema":"1a1c01bbd47fc00a2c39e90264f33305004495a9","hash":"ee4a18e198bf67e7c69c85c146f282ff60000b57"}
}
