TN:
SF:src/index.js
FN:3,(anonymous_0)
FN:6,(anonymous_1)
FN:9,(anonymous_2)
FN:15,(anonymous_3)
FN:27,(anonymous_4)
FN:62,(anonymous_5)
FN:74,(anonymous_6)
FN:92,(anonymous_7)
FN:99,(anonymous_8)
FNF:9
FNH:9
FNDA:72,(anonymous_0)
FNDA:13,(anonymous_1)
FNDA:11,(anonymous_2)
FNDA:29,(anonymous_3)
FNDA:16,(anonymous_4)
FNDA:14,(anonymous_5)
FNDA:2,(anonymous_6)
FNDA:5,(anonymous_7)
FNDA:5,(anonymous_8)
DA:3,1
DA:4,72
DA:5,72
DA:6,72
DA:7,13
DA:9,72
DA:10,11
DA:12,72
DA:15,1
DA:16,29
DA:17,29
DA:18,290
DA:19,290
DA:20,2900
DA:27,29
DA:28,16
DA:29,12
DA:30,1
DA:32,11
DA:33,1
DA:35,10
DA:36,28
DA:37,2
DA:40,8
DA:41,24
DA:42,24
DA:44,4
DA:45,4
DA:46,0
DA:48,4
DA:49,1
DA:51,3
DA:52,9
DA:53,1
DA:56,2
DA:57,6
DA:58,6
DA:62,29
DA:63,14
DA:64,1
DA:66,13
DA:67,1
DA:69,12
DA:70,12
DA:71,10
DA:74,29
DA:75,2
DA:76,11
DA:77,102
DA:81,1
DA:83,101
DA:87,1
DA:89,29
DA:92,1
DA:93,5
DA:94,5
DA:95,5
DA:96,5
DA:99,1
DA:100,5
DA:101,5
DA:102,5
DA:103,5
DA:106,1
DA:107,1
DA:108,1
DA:109,1
DA:110,1
LF:68
LH:67
BRDA:28,0,0,12
BRDA:28,0,1,4
BRDA:29,1,0,1
BRDA:29,1,1,11
BRDA:29,2,0,12
BRDA:29,2,1,12
BRDA:29,2,2,11
BRDA:29,2,3,11
BRDA:32,3,0,1
BRDA:32,3,1,10
BRDA:36,4,0,2
BRDA:36,4,1,26
BRDA:44,5,0,4
BRDA:44,5,1,0
BRDA:45,6,0,0
BRDA:45,6,1,4
BRDA:45,7,0,4
BRDA:45,7,1,4
BRDA:45,7,2,4
BRDA:45,7,3,4
BRDA:48,8,0,1
BRDA:48,8,1,3
BRDA:52,9,0,1
BRDA:52,9,1,8
BRDA:63,10,0,1
BRDA:63,10,1,13
BRDA:63,11,0,14
BRDA:63,11,1,14
BRDA:63,11,2,13
BRDA:63,11,3,13
BRDA:66,12,0,1
BRDA:66,12,1,12
BRDA:70,13,0,10
BRDA:70,13,1,2
BRDA:77,14,0,1
BRDA:77,14,1,101
BRDA:78,15,0,102
BRDA:78,15,1,5
BRF:38
BRH:36
end_of_record
