TN:
SF:src/index.js
FN:3,(anonymous_0)
FN:6,(anonymous_1)
FN:9,(anonymous_2)
FN:15,(anonymous_3)
FN:27,(anonymous_4)
FN:40,(anonymous_5)
FN:46,(anonymous_6)
FNF:7
FNH:7
FNDA:13,(anonymous_0)
FNDA:13,(anonymous_1)
FNDA:11,(anonymous_2)
FNDA:11,(anonymous_3)
FNDA:7,(anonymous_4)
FNDA:11,(anonymous_5)
FNDA:2,(anonymous_6)
DA:3,1
DA:4,13
DA:5,13
DA:6,13
DA:7,13
DA:9,13
DA:10,11
DA:12,13
DA:15,1
DA:16,11
DA:17,11
DA:18,110
DA:19,110
DA:20,1100
DA:27,11
DA:28,7
DA:29,6
DA:30,18
DA:31,18
DA:33,1
DA:34,1
DA:35,3
DA:36,3
DA:40,11
DA:41,11
DA:42,11
DA:43,10
DA:46,11
DA:47,2
DA:48,11
DA:49,102
DA:53,1
DA:55,101
DA:59,1
DA:61,11
DA:64,1
DA:65,1
DA:66,1
LF:38
LH:38
BRDA:28,0,0,6
BRDA:28,0,1,1
BRDA:33,1,0,1
BRDA:33,1,1,0
BRDA:42,2,0,10
BRDA:42,2,1,1
BRDA:49,3,0,1
BRDA:49,3,1,101
BRDA:50,4,0,102
BRDA:50,4,1,5
BRF:10
BRH:9
end_of_record
